Arguments: 
  /home/oem/.nvm/versions/node/v18.12.1/bin/node /home/oem/.nvm/versions/node/v18.12.1/bin/yarn

PATH: 
  /home/oem/.nvm/versions/node/v18.12.1/bin:/usr/local/sbin:/usr/local/bin:/usr/sbin:/usr/bin:/sbin:/bin:/usr/games:/usr/local/games:/snap/bin

Yarn version: 
  1.22.19

Node version: 
  18.12.1

Platform: 
  linux x64

Trace: 
  Error: https://registry.yarnpkg.com/react-native-reanimated/-/react-native-reanimated-2.14.4.tgz: ESOCKETTIMEDOUT
      at ClientRequest.<anonymous> (/home/oem/.nvm/versions/node/v18.12.1/lib/node_modules/yarn/lib/cli.js:141517:19)
      at Object.onceWrapper (node:events:627:28)
      at ClientRequest.emit (node:events:513:28)
      at TLSSocket.emitRequestTimeout (node:_http_client:838:9)
      at Object.onceWrapper (node:events:627:28)
      at TLSSocket.emit (node:events:525:35)
      at Socket._onTimeout (node:net:562:8)
      at listOnTimeout (node:internal/timers:564:17)
      at process.processTimers (node:internal/timers:507:7)

npm manifest: 
  {
    "scripts": {
      "start": "expo start",
      "android": "expo start --android",
      "ios": "expo start --ios",
      "web": "expo start --web"
    },
    "dependencies": {
      "axios": "^1.3.4",
      "expo": "^48.0.0",
      "expo-constants": "~14.2.1",
      "expo-font": "~11.1.1",
      "expo-linking": "~4.0.1",
      "expo-router": "^1.0.0-rc1",
      "expo-splash-screen": "~0.18.1",
      "expo-status-bar": "~1.4.4",
      "expo-updates": "~0.16.3",
      "react": "18.2.0",
      "react-dom": "18.2.0",
      "react-native": "0.71.3",
      "react-native-gesture-handler": "~2.9.0",
      "react-native-reanimated": "~2.14.4",
      "react-native-safe-area-context": "4.5.0",
      "react-native-screens": "~3.20.0",
      "react-native-web": "~0.18.11"
    },
    "devDependencies": {
      "@babel/core": "^7.20.0",
      "@babel/plugin-proposal-export-namespace-from": "^7.18.9",
      "react-native-dotenv": "^3.4.8"
    },
    "resolutions": {
      "metro": "^0.73.7",
      "metro-resolver": "^0.73.7"
    },
    "overrides": {
      "metro": "^0.73.7",
      "metro-resolver": "^0.73.7"
    },
    "name": "jobsift",
    "version": "1.0.0",
    "private": true,
    "main": "index.js"
  }

yarn manifest: 
  No manifest

Lockfile: 
  No lockfile
